Base path: C:/Program Files (x86)/Unity/Editor/Data
Pipe name: \\.\pipe\UnityShaderCompiler-2-4456
Cmd: getPlatforms
Cmd: compileSnippet
  api=9 type=0 insize=901 outsize=629 kw= ok=1
Cmd: compileSnippet
  api=9 type=1 insize=901 outsize=7 kw= ok=1
Cmd: compileSnippet
  api=9 type=1 insize=1770 outsize=7 kw= ok=1
Cmd: compileSnippet
  api=9 type=1 insize=1381 outsize=7 kw= ok=1
Cmd: compileSnippet
  api=9 type=1 insize=2219 outsize=7 kw= ok=1
Cmd: compileSnippet
  api=5 type=0 insize=1852 outsize=1785 kw= ok=1
Cmd: compileSnippet
  api=9 type=1 insize=2137 outsize=7 kw= ok=1
Cmd: compileSnippet
  api=9 type=1 insize=1329 outsize=7 kw= ok=1
Cmd: compileSnippet
  api=9 type=1 insize=1252 outsize=7 kw= ok=1
Cmd: compileSnippet
  api=9 type=0 insize=2284 outsize=2501 kw= ok=1
Cmd: compileSnippet
  api=9 type=0 insize=942 outsize=631 kw= ok=1
Cmd: compileSnippet
  api=9 type=0 insize=1917 outsize=1975 kw= ok=1
Unhandled exception: Readfile from pipe failed. GLE=The pipe has been ended.


Quitting shader compiler process
